<?xml version="1.0" encoding="UTF-8"?>
<!-- Generated by org.testng.reporters.JUnitReportReporter -->
<testsuite hostname="LAPTOP-JE4FKOLB" failures="0" tests="2" name="com.softeck.Apptest" time="0.013" errors="0" timestamp="2022-11-17T21:55:39 IST" skipped="0">
  <testcase classname="com.softeck.Apptest" name="testlogin2" time="0.001"/>
  <system-out/>
  <testcase classname="com.softeck.Apptest" name="testlogin1" time="0.012"/>
  <system-out/>
</testsuite> <!-- com.softeck.Apptest -->
